
> frontend@0.0.0 dev
> vite


  VITE v7.1.12  ready in 182 ms

  ➜  Local:   http://localhost:5173/
  ➜  Network: use --host to expose
2:42:25 AM [vite] (client) hmr update /src/pages/Dashboard.tsx, /src/index.css
2:42:25 AM [vite] (client) hmr update /src/pages/Verify.tsx, /src/index.css
2:46:37 AM [vite] (client) hmr update /src/pages/Verify.tsx, /src/index.css
2:46:47 AM [vite] (client) hmr update /src/pages/Dashboard.tsx, /src/index.css
2:46:55 AM [vite] (client) hmr update /src/pages/Dashboard.tsx, /src/index.css
2:47:04 AM [vite] (client) hmr update /src/pages/Dashboard.tsx, /src/index.css
2:49:43 AM [vite] (client) hmr update /src/pages/Dashboard.tsx, /src/index.css
2:50:28 AM [vite] (client) hmr update /src/pages/Dashboard.tsx, /src/index.css
3:17:59 AM [vite] (client) hmr update /src/pages/Verify.tsx, /src/index.css
3:18:10 AM [vite] (client) hmr update /src/pages/Verify.tsx, /src/index.css
3:18:15 AM [vite] (client) hmr update /src/pages/Dashboard.tsx, /src/index.css
3:18:22 AM [vite] (client) hmr update /src/pages/Dashboard.tsx, /src/index.css
3:18:56 AM [vite] (client) hmr update /src/pages/Dashboard.tsx, /src/index.css
3:18:56 AM [vite] (client) hmr update /src/pages/Verify.tsx, /src/index.css
5:29:05 AM [vite] (client) hmr update /src/App.tsx, /src/index.css
5:29:12 AM [vite] (client) hmr update /src/App.tsx, /src/index.css
5:29:41 AM [vite] (client) hmr update /src/pages/Verify.tsx, /src/index.css
5:32:13 AM [vite] (client) hmr update /src/index.css, /src/pages/RealAadhaarVerify.tsx
5:32:13 AM [vite] (client) hmr update /src/App.tsx, /src/index.css
5:32:13 AM [vite] (client) hmr update /src/pages/Verify.tsx, /src/index.css
5:32:13 AM [vite] (client) hmr update /src/App.tsx, /src/index.css
5:32:13 AM [vite] (client) hmr update /src/index.css, /src/pages/RealAadhaarVerify.tsx
5:32:13 AM [vite] (client) hmr update /src/pages/Verify.tsx, /src/index.css
5:32:48 AM [vite] (client) hmr update /src/pages/Dashboard.tsx, /src/index.css
5:40:46 AM [vite] (client) hmr update /src/index.css, /src/pages/RealAadhaarVerify.tsx
5:40:52 AM [vite] (client) hmr update /src/index.css, /src/pages/RealAadhaarVerify.tsx
5:41:04 AM [vite] (client) hmr update /src/index.css, /src/pages/RealAadhaarVerify.tsx
5:41:11 AM [vite] (client) hmr update /src/index.css, /src/pages/RealAadhaarVerify.tsx
5:41:22 AM [vite] (client) hmr update /src/index.css, /src/pages/RealAadhaarVerify.tsx
5:42:25 AM [vite] (client) hmr update /src/index.css, /src/pages/RealAadhaarVerify.tsx
5:56:22 AM [vite] (client) hmr update /src/App.tsx, /src/index.css
5:56:27 AM [vite] (client) hmr update /src/App.tsx, /src/index.css
5:56:34 AM [vite] (client) hmr update /src/pages/Verify.tsx, /src/index.css
6:21:17 AM [vite] (client) hmr update /src/index.css, /src/pages/RealAadhaarVerify.tsx
6:21:19 AM [vite] (client) Pre-transform error: Failed to load url /src/pages/RealAadhaarVerify.tsx (resolved id: /Users/mrunalpendem/Desktop/DIDs/did-overnight/frontend/src/pages/RealAadhaarVerify.tsx) in /Users/mrunalpendem/Desktop/DIDs/did-overnight/frontend/src/App.tsx. Does the file exist?
6:22:26 AM [vite] (client) hmr update /src/App.tsx, /src/index.css
6:22:32 AM [vite] (client) hmr update /src/App.tsx, /src/index.css
6:22:45 AM [vite] (client) hmr update /src/pages/Verify.tsx, /src/index.css
